<?xml version="1.0" encoding="UTF-8"?>
<Site BuildName="(empty)"
	BuildStamp="20241208-1604-Experimental"
	Name="(empty)"
	Generator="ctest-3.28.3"
	CompilerName=""
	CompilerVersion=""
	OSName="Linux"
	Hostname="lapivan-Katana-GF66-12UG"
	OSRelease="6.8.0-49-generic"
	OSVersion="#49-Ubuntu SMP PREEMPT_DYNAMIC Mon Nov  4 02:06:24 UTC 2024"
	OSPlatform="x86_64"
	Is64Bits="1"
	VendorString="GenuineIntel"
	VendorID="Intel Corporation"
	FamilyID="6"
	ModelID="154"
	ProcessorCacheSize="24576"
	NumberOfLogicalCPU="20"
	NumberOfPhysicalCPU="14"
	TotalVirtualMemory="4095"
	TotalPhysicalMemory="15692"
	LogicalProcessorsPerPhysical="1"
	ProcessorClockFrequency="1253.93"
	>
	<Testing>
		<StartDateTime>Dec 08 19:04 +03</StartDateTime>
		<StartTestTime>1733673867</StartTestTime>
		<TestList/>
		<EndDateTime>Dec 08 19:04 +03</EndDateTime>
		<EndTestTime>1733673867</EndTestTime>
		<ElapsedMinutes>0</ElapsedMinutes>
	</Testing>
</Site>
